2026-02-21 21:17:10,918 - apscheduler.scheduler - INFO - Adding job tentatively -- it will be properly scheduled when the scheduler starts
2026-02-21 21:17:10,919 - apscheduler.scheduler - INFO - Added job "cleanup_old_tasks" to job store "default"
2026-02-21 21:17:10,920 - apscheduler.scheduler - INFO - Scheduler started
2026-02-22 15:12:41,285 - task_tracker - INFO - Logger successfuly up
2026-02-22 15:17:04,366 - task_tracker - INFO - Logger successfuly up
2026-02-22 15:17:58,572 - task_tracker - INFO - Logger successfuly up
2026-02-22 15:18:27,939 - task_tracker - INFO - Logger successfuly up
2026-02-22 15:18:27,944 - apscheduler.scheduler - INFO - Adding job tentatively -- it will be properly scheduled when the scheduler starts
2026-02-22 15:18:27,948 - apscheduler.scheduler - INFO - Added job "run_cleanup_task" to job store "default"
2026-02-22 15:18:27,948 - apscheduler.scheduler - INFO - Scheduler started
2026-02-22 15:27:03,172 - task_tracker - INFO - Logger successfuly up
2026-02-22 15:27:03,184 - apscheduler.scheduler - INFO - Adding job tentatively -- it will be properly scheduled when the scheduler starts
2026-02-22 15:27:03,186 - apscheduler.scheduler - INFO - Added job "run_cleanup_task" to job store "default"
2026-02-22 15:27:03,187 - apscheduler.scheduler - INFO - Scheduler started
2026-02-22 15:30:33,150 - apscheduler.scheduler - INFO - Scheduler has been shut down
2026-02-22 15:30:35,088 - task_tracker - INFO - Logger successfuly up
2026-02-22 15:30:35,094 - apscheduler.scheduler - INFO - Adding job tentatively -- it will be properly scheduled when the scheduler starts
2026-02-22 15:30:35,095 - apscheduler.scheduler - INFO - Added job "run_cleanup_task" to job store "default"
2026-02-22 15:30:35,096 - apscheduler.scheduler - INFO - Scheduler started
2026-02-22 15:32:01,409 - apscheduler.scheduler - INFO - Scheduler has been shut down
2026-02-22 15:32:02,728 - task_tracker - INFO - Logger successfuly up
2026-02-22 15:32:02,734 - apscheduler.scheduler - INFO - Adding job tentatively -- it will be properly scheduled when the scheduler starts
2026-02-22 15:32:02,734 - apscheduler.scheduler - INFO - Added job "run_cleanup_task" to job store "default"
2026-02-22 15:32:02,735 - apscheduler.scheduler - INFO - Scheduler started
2026-02-22 15:36:48,307 - apscheduler.scheduler - INFO - Scheduler has been shut down
2026-02-22 15:36:49,687 - task_tracker - INFO - Logger successfuly up
2026-02-22 15:36:49,692 - apscheduler.scheduler - INFO - Adding job tentatively -- it will be properly scheduled when the scheduler starts
2026-02-22 15:36:49,693 - apscheduler.scheduler - INFO - Added job "run_cleanup_task" to job store "default"
2026-02-22 15:36:49,694 - apscheduler.scheduler - INFO - Scheduler started
2026-02-22 15:38:07,178 - apscheduler.scheduler - INFO - Scheduler has been shut down
2026-02-22 15:38:08,493 - task_tracker - INFO - Logger successfuly up
2026-02-22 15:38:08,499 - apscheduler.scheduler - INFO - Adding job tentatively -- it will be properly scheduled when the scheduler starts
2026-02-22 15:38:08,500 - apscheduler.scheduler - INFO - Added job "run_cleanup_task" to job store "default"
2026-02-22 15:38:08,500 - apscheduler.scheduler - INFO - Scheduler started
2026-02-22 15:39:24,158 - task_tracker - WARNING - Error while updating task 3: (sqlalchemy.dialects.postgresql.asyncpg.IntegrityError) <class 'asyncpg.exceptions.ForeignKeyViolationError'>: insert or update on table "tasks" violates foreign key constraint "tasks_category_id_fkey"
DETAIL:  Key (category_id)=(0) is not present in table "categories".
[SQL: UPDATE tasks SET title=$1::VARCHAR, description=$2::VARCHAR, status=$3::taskstatus, deadline=$4::TIMESTAMP WITH TIME ZONE, category_id=$5::INTEGER WHERE tasks.id = $6::INTEGER]
[parameters: ('string', 'string', 'NOTSTARTED', datetime.datetime(2026, 2, 22, 15, 39, 20, 316000, tzinfo=TzInfo(0)), 0, 3)]
(Background on this error at: https://sqlalche.me/e/20/gkpj)
2026-02-22 18:48:57,225 - task_tracker - INFO - Logger successfuly up
2026-02-22 18:48:57,230 - apscheduler.scheduler - INFO - Adding job tentatively -- it will be properly scheduled when the scheduler starts
2026-02-22 18:48:57,231 - apscheduler.scheduler - INFO - Added job "run_cleanup_task" to job store "default"
2026-02-22 18:48:57,231 - apscheduler.scheduler - INFO - Scheduler started
2026-02-22 18:52:44,780 - apscheduler.scheduler - INFO - Scheduler has been shut down
2026-02-22 18:52:46,070 - task_tracker - INFO - Logger successfuly up
2026-02-22 18:52:46,075 - apscheduler.scheduler - INFO - Adding job tentatively -- it will be properly scheduled when the scheduler starts
2026-02-22 18:52:46,075 - apscheduler.scheduler - INFO - Added job "run_cleanup_task" to job store "default"
2026-02-22 18:52:46,076 - apscheduler.scheduler - INFO - Scheduler started
2026-02-22 18:53:37,999 - apscheduler.scheduler - INFO - Scheduler has been shut down
2026-02-22 18:53:39,253 - task_tracker - INFO - Logger successfuly up
2026-02-22 18:53:39,259 - apscheduler.scheduler - INFO - Adding job tentatively -- it will be properly scheduled when the scheduler starts
2026-02-22 18:53:39,260 - apscheduler.scheduler - INFO - Added job "run_cleanup_task" to job store "default"
2026-02-22 18:53:39,261 - apscheduler.scheduler - INFO - Scheduler started
2026-02-22 18:54:59,203 - task_tracker - INFO - Logger successfuly up
2026-02-22 18:54:59,210 - apscheduler.scheduler - INFO - Adding job tentatively -- it will be properly scheduled when the scheduler starts
2026-02-22 18:54:59,211 - apscheduler.scheduler - INFO - Added job "run_cleanup_task" to job store "default"
2026-02-22 18:54:59,211 - apscheduler.scheduler - INFO - Scheduler started
2026-02-22 18:57:29,479 - apscheduler.scheduler - INFO - Scheduler has been shut down
2026-02-22 18:57:30,757 - task_tracker - INFO - Logger successfuly up
2026-02-22 18:57:30,762 - apscheduler.scheduler - INFO - Adding job tentatively -- it will be properly scheduled when the scheduler starts
2026-02-22 18:57:30,763 - apscheduler.scheduler - INFO - Added job "run_cleanup_task" to job store "default"
2026-02-22 18:57:30,763 - apscheduler.scheduler - INFO - Scheduler started
2026-02-22 18:58:28,647 - task_tracker - INFO - Logger successfuly up
2026-02-22 18:58:28,652 - apscheduler.scheduler - INFO - Adding job tentatively -- it will be properly scheduled when the scheduler starts
2026-02-22 18:58:28,653 - apscheduler.scheduler - INFO - Added job "run_cleanup_task" to job store "default"
2026-02-22 18:58:28,653 - apscheduler.scheduler - INFO - Scheduler started
2026-02-22 19:50:18,084 - task_tracker - INFO - Logger successfuly up
2026-02-22 19:50:18,088 - apscheduler.scheduler - INFO - Adding job tentatively -- it will be properly scheduled when the scheduler starts
2026-02-22 19:50:18,096 - apscheduler.scheduler - INFO - Added job "run_cleanup_task" to job store "default"
2026-02-22 19:50:18,096 - apscheduler.scheduler - INFO - Scheduler started
2026-02-22 19:53:12,573 - apscheduler.scheduler - INFO - Scheduler has been shut down
2026-02-22 19:53:14,327 - task_tracker - INFO - Logger successfuly up
2026-02-22 19:53:14,331 - apscheduler.scheduler - INFO - Adding job tentatively -- it will be properly scheduled when the scheduler starts
2026-02-22 19:53:14,332 - apscheduler.scheduler - INFO - Added job "run_cleanup_task" to job store "default"
2026-02-22 19:53:14,333 - apscheduler.scheduler - INFO - Scheduler started
2026-02-22 19:55:46,683 - apscheduler.scheduler - INFO - Scheduler has been shut down
2026-02-22 19:55:47,875 - task_tracker - INFO - Logger successfuly up
2026-02-22 19:55:47,879 - apscheduler.scheduler - INFO - Adding job tentatively -- it will be properly scheduled when the scheduler starts
2026-02-22 19:55:47,880 - apscheduler.scheduler - INFO - Added job "run_cleanup_task" to job store "default"
2026-02-22 19:55:47,880 - apscheduler.scheduler - INFO - Scheduler started
2026-02-22 19:58:07,622 - apscheduler.scheduler - INFO - Scheduler has been shut down
2026-02-22 19:58:08,856 - task_tracker - INFO - Logger successfuly up
2026-02-22 19:58:08,860 - apscheduler.scheduler - INFO - Adding job tentatively -- it will be properly scheduled when the scheduler starts
2026-02-22 19:58:08,861 - apscheduler.scheduler - INFO - Added job "run_cleanup_task" to job store "default"
2026-02-22 19:58:08,862 - apscheduler.scheduler - INFO - Scheduler started
2026-02-22 19:58:58,377 - apscheduler.scheduler - INFO - Scheduler has been shut down
2026-02-22 19:58:59,804 - task_tracker - INFO - Logger successfuly up
2026-02-22 19:58:59,810 - apscheduler.scheduler - INFO - Adding job tentatively -- it will be properly scheduled when the scheduler starts
2026-02-22 19:58:59,811 - apscheduler.scheduler - INFO - Added job "run_cleanup_task" to job store "default"
2026-02-22 19:58:59,811 - apscheduler.scheduler - INFO - Scheduler started
2026-02-23 20:49:46,954 - task_tracker - INFO - Logger successfuly up
2026-02-23 20:49:46,960 - apscheduler.scheduler - INFO - Adding job tentatively -- it will be properly scheduled when the scheduler starts
2026-02-23 20:49:46,961 - apscheduler.scheduler - INFO - Added job "run_cleanup_task" to job store "default"
2026-02-23 20:49:46,962 - apscheduler.scheduler - INFO - Scheduler started
2026-02-23 20:56:35,101 - task_tracker - WARNING - Error while updating task 4: (sqlalchemy.dialects.postgresql.asyncpg.IntegrityError) <class 'asyncpg.exceptions.ForeignKeyViolationError'>: insert or update on table "tasks" violates foreign key constraint "tasks_category_id_fkey"
DETAIL:  Key (category_id)=(0) is not present in table "categories".
[SQL: UPDATE tasks SET title=$1::VARCHAR, description=$2::VARCHAR, status=$3::taskstatus, deadline=$4::TIMESTAMP WITH TIME ZONE, priority=$5::taskpriority, category_id=$6::INTEGER WHERE tasks.id = $7::INTEGER]
[parameters: ('string', 'string', 'NOTSTARTED', datetime.datetime(2026, 2, 25, 20, 56, 20, 732000, tzinfo=TzInfo(0)), 'MEDIUM', 0, 4)]
(Background on this error at: https://sqlalche.me/e/20/gkpj)
2026-02-24 16:08:40,981 - task_tracker - INFO - Logger successfuly up
2026-02-24 16:08:40,985 - apscheduler.scheduler - INFO - Adding job tentatively -- it will be properly scheduled when the scheduler starts
2026-02-24 16:08:40,986 - apscheduler.scheduler - INFO - Added job "run_cleanup_task" to job store "default"
2026-02-24 16:08:40,986 - apscheduler.scheduler - INFO - Scheduler started
2026-02-24 16:10:48,895 - apscheduler.scheduler - INFO - Scheduler has been shut down
2026-02-24 16:10:50,925 - task_tracker - INFO - Logger successfuly up
2026-02-24 16:10:50,930 - apscheduler.scheduler - INFO - Adding job tentatively -- it will be properly scheduled when the scheduler starts
2026-02-24 16:10:50,932 - apscheduler.scheduler - INFO - Added job "run_cleanup_task" to job store "default"
2026-02-24 16:10:50,932 - apscheduler.scheduler - INFO - Scheduler started
2026-02-24 16:12:58,022 - apscheduler.scheduler - INFO - Scheduler has been shut down
2026-02-24 16:19:54,628 - task_tracker - INFO - Logger successfuly up
2026-02-24 16:19:54,633 - apscheduler.scheduler - INFO - Adding job tentatively -- it will be properly scheduled when the scheduler starts
2026-02-24 16:19:54,635 - apscheduler.scheduler - INFO - Added job "run_cleanup_task" to job store "default"
2026-02-24 16:19:54,635 - apscheduler.scheduler - INFO - Scheduler started
2026-02-24 16:21:35,561 - apscheduler.scheduler - INFO - Scheduler has been shut down
2026-02-24 16:21:36,802 - task_tracker - INFO - Logger successfuly up
2026-02-24 16:21:36,806 - apscheduler.scheduler - INFO - Adding job tentatively -- it will be properly scheduled when the scheduler starts
2026-02-24 16:21:36,807 - apscheduler.scheduler - INFO - Added job "run_cleanup_task" to job store "default"
2026-02-24 16:21:36,807 - apscheduler.scheduler - INFO - Scheduler started
2026-02-24 16:22:25,026 - task_tracker - INFO - Failed login attempt for email: user2@example.com
2026-02-24 16:24:58,585 - apscheduler.scheduler - INFO - Scheduler has been shut down
2026-02-24 16:24:59,920 - task_tracker - INFO - Logger successfuly up
2026-02-24 16:24:59,924 - apscheduler.scheduler - INFO - Adding job tentatively -- it will be properly scheduled when the scheduler starts
2026-02-24 16:24:59,925 - apscheduler.scheduler - INFO - Added job "run_cleanup_task" to job store "default"
2026-02-24 16:24:59,925 - apscheduler.scheduler - INFO - Scheduler started
2026-02-24 16:25:05,867 - task_tracker - INFO - User 3 created task 'Tags test' with 2 tags
2026-02-24 16:25:21,997 - task_tracker - INFO - User 3 created task 'Tags test2' with 2 tags
2026-02-24 16:27:26,307 - task_tracker - INFO - Failed login attempt for email: user2@example.com
2026-02-24 16:27:30,878 - task_tracker - INFO - Failed login attempt for email: user2@example.com
2026-02-27 15:22:34,483 - task_tracker - INFO - Logger successfuly up
2026-02-27 15:22:34,499 - apscheduler.scheduler - INFO - Adding job tentatively -- it will be properly scheduled when the scheduler starts
2026-02-27 15:22:34,501 - apscheduler.scheduler - INFO - Added job "run_cleanup_task" to job store "default"
2026-02-27 15:22:34,501 - apscheduler.scheduler - INFO - Scheduler started
2026-02-27 15:25:34,582 - apscheduler.scheduler - INFO - Scheduler has been shut down
2026-02-27 15:25:35,826 - task_tracker - INFO - Logger successfuly up
2026-02-27 15:25:35,831 - apscheduler.scheduler - INFO - Adding job tentatively -- it will be properly scheduled when the scheduler starts
2026-02-27 15:25:35,831 - apscheduler.scheduler - INFO - Added job "run_cleanup_task" to job store "default"
2026-02-27 15:25:35,832 - apscheduler.scheduler - INFO - Scheduler started
2026-02-27 15:28:11,273 - apscheduler.scheduler - INFO - Scheduler has been shut down
2026-02-27 15:28:12,447 - task_tracker - INFO - Logger successfuly up
2026-02-27 15:28:12,451 - apscheduler.scheduler - INFO - Adding job tentatively -- it will be properly scheduled when the scheduler starts
2026-02-27 15:28:12,452 - apscheduler.scheduler - INFO - Added job "run_cleanup_task" to job store "default"
2026-02-27 15:28:12,452 - apscheduler.scheduler - INFO - Scheduler started
2026-02-27 15:28:46,630 - apscheduler.scheduler - INFO - Scheduler has been shut down
2026-02-27 15:28:47,869 - task_tracker - INFO - Logger successfuly up
2026-02-27 15:28:47,873 - apscheduler.scheduler - INFO - Adding job tentatively -- it will be properly scheduled when the scheduler starts
2026-02-27 15:28:47,873 - apscheduler.scheduler - INFO - Added job "run_cleanup_task" to job store "default"
2026-02-27 15:28:47,873 - apscheduler.scheduler - INFO - Scheduler started
2026-02-27 15:29:51,013 - apscheduler.scheduler - INFO - Scheduler has been shut down
2026-02-27 15:29:52,172 - task_tracker - INFO - Logger successfuly up
2026-02-27 15:29:52,175 - apscheduler.scheduler - INFO - Adding job tentatively -- it will be properly scheduled when the scheduler starts
2026-02-27 15:29:52,176 - apscheduler.scheduler - INFO - Added job "run_cleanup_task" to job store "default"
2026-02-27 15:29:52,177 - apscheduler.scheduler - INFO - Scheduler started
2026-02-27 15:30:26,755 - apscheduler.scheduler - INFO - Scheduler has been shut down
2026-02-27 15:30:27,988 - task_tracker - INFO - Logger successfuly up
2026-02-27 15:30:27,992 - apscheduler.scheduler - INFO - Adding job tentatively -- it will be properly scheduled when the scheduler starts
2026-02-27 15:30:27,993 - apscheduler.scheduler - INFO - Added job "run_cleanup_task" to job store "default"
2026-02-27 15:30:27,993 - apscheduler.scheduler - INFO - Scheduler started
2026-02-27 15:31:02,975 - apscheduler.scheduler - INFO - Scheduler has been shut down
2026-02-27 15:31:04,248 - task_tracker - INFO - Logger successfuly up
2026-02-27 15:31:04,252 - apscheduler.scheduler - INFO - Adding job tentatively -- it will be properly scheduled when the scheduler starts
2026-02-27 15:31:04,253 - apscheduler.scheduler - INFO - Added job "run_cleanup_task" to job store "default"
2026-02-27 15:31:04,253 - apscheduler.scheduler - INFO - Scheduler started
2026-02-27 15:33:50,751 - apscheduler.scheduler - INFO - Scheduler has been shut down
2026-02-27 15:33:52,155 - task_tracker - INFO - Logger successfuly up
2026-02-27 15:33:52,161 - apscheduler.scheduler - INFO - Adding job tentatively -- it will be properly scheduled when the scheduler starts
2026-02-27 15:33:52,162 - apscheduler.scheduler - INFO - Added job "run_cleanup_task" to job store "default"
2026-02-27 15:33:52,163 - apscheduler.scheduler - INFO - Scheduler started
2026-02-27 15:36:08,902 - apscheduler.scheduler - INFO - Scheduler has been shut down
2026-02-27 15:36:10,240 - task_tracker - INFO - Logger successfuly up
2026-02-27 15:36:10,245 - apscheduler.scheduler - INFO - Adding job tentatively -- it will be properly scheduled when the scheduler starts
2026-02-27 15:36:10,245 - apscheduler.scheduler - INFO - Added job "run_cleanup_task" to job store "default"
2026-02-27 15:36:10,246 - apscheduler.scheduler - INFO - Scheduler started
2026-02-27 15:37:15,102 - apscheduler.scheduler - INFO - Scheduler has been shut down
2026-03-01 14:13:47,310 - task_tracker - INFO - Logger successfuly up
2026-03-01 14:13:47,315 - apscheduler.scheduler - INFO - Adding job tentatively -- it will be properly scheduled when the scheduler starts
2026-03-01 14:13:47,317 - apscheduler.scheduler - INFO - Added job "run_cleanup_task" to job store "default"
2026-03-01 14:13:47,317 - apscheduler.scheduler - INFO - Scheduler started
2026-03-01 14:16:30,530 - apscheduler.scheduler - INFO - Scheduler has been shut down
2026-03-01 14:16:31,873 - task_tracker - INFO - Logger successfuly up
2026-03-01 14:16:31,878 - apscheduler.scheduler - INFO - Adding job tentatively -- it will be properly scheduled when the scheduler starts
2026-03-01 14:16:31,879 - apscheduler.scheduler - INFO - Added job "run_cleanup_task" to job store "default"
2026-03-01 14:16:31,880 - apscheduler.scheduler - INFO - Scheduler started
2026-03-01 14:19:45,511 - task_tracker - ERROR - Error fetching token: (sqlalchemy.dialects.postgresql.asyncpg.ProgrammingError) <class 'asyncpg.exceptions.UndefinedTableError'>: relation "refresh_tokens" does not exist
[SQL: SELECT refresh_tokens.id, refresh_tokens.token, refresh_tokens.user_id, refresh_tokens.expires_at 
FROM refresh_tokens 
WHERE refresh_tokens.token = $1::VARCHAR]
[parameters: ('1',)]
(Background on this error at: https://sqlalche.me/e/20/f405)
2026-03-01 14:33:50,766 - apscheduler.scheduler - INFO - Scheduler has been shut down
2026-03-01 14:33:52,164 - task_tracker - INFO - Logger successfuly up
2026-03-01 14:33:52,169 - apscheduler.scheduler - INFO - Adding job tentatively -- it will be properly scheduled when the scheduler starts
2026-03-01 14:33:52,170 - apscheduler.scheduler - INFO - Added job "run_cleanup_task" to job store "default"
2026-03-01 14:33:52,171 - apscheduler.scheduler - INFO - Scheduler started
2026-03-01 14:35:33,317 - apscheduler.scheduler - INFO - Scheduler has been shut down
2026-03-01 14:35:34,596 - task_tracker - INFO - Logger successfuly up
2026-03-01 14:35:34,601 - apscheduler.scheduler - INFO - Adding job tentatively -- it will be properly scheduled when the scheduler starts
2026-03-01 14:35:34,602 - apscheduler.scheduler - INFO - Added job "run_cleanup_task" to job store "default"
2026-03-01 14:35:34,602 - apscheduler.scheduler - INFO - Scheduler started
2026-03-01 14:50:09,113 - apscheduler.scheduler - INFO - Scheduler has been shut down
2026-03-01 14:50:11,094 - task_tracker - INFO - Logger successfuly up
2026-03-01 14:50:11,099 - apscheduler.scheduler - INFO - Adding job tentatively -- it will be properly scheduled when the scheduler starts
2026-03-01 14:50:11,100 - apscheduler.scheduler - INFO - Added job "run_cleanup_task" to job store "default"
2026-03-01 14:50:11,100 - apscheduler.scheduler - INFO - Scheduler started
2026-03-01 14:51:13,245 - apscheduler.scheduler - INFO - Scheduler has been shut down
2026-03-01 14:51:14,379 - task_tracker - INFO - Logger successfuly up
2026-03-01 14:51:14,384 - apscheduler.scheduler - INFO - Adding job tentatively -- it will be properly scheduled when the scheduler starts
2026-03-01 14:51:14,385 - apscheduler.scheduler - INFO - Added job "run_cleanup_task" to job store "default"
2026-03-01 14:51:14,385 - apscheduler.scheduler - INFO - Scheduler started
2026-03-01 14:52:17,534 - apscheduler.scheduler - INFO - Scheduler has been shut down
2026-03-01 14:52:18,763 - task_tracker - INFO - Logger successfuly up
2026-03-01 14:52:18,775 - apscheduler.scheduler - INFO - Adding job tentatively -- it will be properly scheduled when the scheduler starts
2026-03-01 14:52:18,776 - apscheduler.scheduler - INFO - Added job "run_cleanup_task" to job store "default"
2026-03-01 14:52:18,776 - apscheduler.scheduler - INFO - Scheduler started
2026-03-01 14:53:22,125 - apscheduler.scheduler - INFO - Scheduler has been shut down
2026-03-01 14:53:23,322 - task_tracker - INFO - Logger successfuly up
2026-03-01 14:53:23,326 - apscheduler.scheduler - INFO - Adding job tentatively -- it will be properly scheduled when the scheduler starts
2026-03-01 14:53:23,327 - apscheduler.scheduler - INFO - Added job "run_cleanup_task" to job store "default"
2026-03-01 14:53:23,327 - apscheduler.scheduler - INFO - Scheduler started
2026-03-01 14:58:55,360 - apscheduler.scheduler - INFO - Scheduler has been shut down
2026-03-01 14:58:56,512 - task_tracker - INFO - Logger successfuly up
2026-03-01 14:58:56,516 - apscheduler.scheduler - INFO - Adding job tentatively -- it will be properly scheduled when the scheduler starts
2026-03-01 14:58:56,516 - apscheduler.scheduler - INFO - Added job "run_cleanup_task" to job store "default"
2026-03-01 14:58:56,517 - apscheduler.scheduler - INFO - Scheduler started
2026-03-01 14:59:59,361 - apscheduler.scheduler - INFO - Scheduler has been shut down
2026-03-01 15:00:00,477 - task_tracker - INFO - Logger successfuly up
2026-03-01 15:00:00,481 - apscheduler.scheduler - INFO - Adding job tentatively -- it will be properly scheduled when the scheduler starts
2026-03-01 15:00:00,482 - apscheduler.scheduler - INFO - Added job "run_cleanup_task" to job store "default"
2026-03-01 15:00:00,482 - apscheduler.scheduler - INFO - Scheduler started
2026-03-01 15:01:05,945 - apscheduler.scheduler - INFO - Scheduler has been shut down
2026-03-01 15:01:07,274 - task_tracker - INFO - Logger successfuly up
2026-03-01 15:01:07,279 - apscheduler.scheduler - INFO - Adding job tentatively -- it will be properly scheduled when the scheduler starts
2026-03-01 15:01:07,280 - apscheduler.scheduler - INFO - Added job "run_cleanup_task" to job store "default"
2026-03-01 15:01:07,280 - apscheduler.scheduler - INFO - Scheduler started
2026-03-01 15:02:10,326 - apscheduler.scheduler - INFO - Scheduler has been shut down
2026-03-01 15:02:11,440 - task_tracker - INFO - Logger successfuly up
2026-03-01 15:02:11,444 - apscheduler.scheduler - INFO - Adding job tentatively -- it will be properly scheduled when the scheduler starts
2026-03-01 15:02:11,445 - apscheduler.scheduler - INFO - Added job "run_cleanup_task" to job store "default"
2026-03-01 15:02:11,445 - apscheduler.scheduler - INFO - Scheduler started
2026-03-01 15:03:49,679 - apscheduler.scheduler - INFO - Scheduler has been shut down
2026-03-01 15:03:50,944 - task_tracker - INFO - Logger successfuly up
2026-03-01 15:03:50,949 - apscheduler.scheduler - INFO - Adding job tentatively -- it will be properly scheduled when the scheduler starts
2026-03-01 15:03:50,950 - apscheduler.scheduler - INFO - Added job "run_cleanup_task" to job store "default"
2026-03-01 15:03:50,950 - apscheduler.scheduler - INFO - Scheduler started
2026-03-01 15:05:57,141 - apscheduler.scheduler - INFO - Scheduler has been shut down
2026-03-01 15:05:58,532 - task_tracker - INFO - Logger successfuly up
2026-03-01 15:05:58,537 - apscheduler.scheduler - INFO - Adding job tentatively -- it will be properly scheduled when the scheduler starts
2026-03-01 15:05:58,538 - apscheduler.scheduler - INFO - Added job "run_cleanup_task" to job store "default"
2026-03-01 15:05:58,539 - apscheduler.scheduler - INFO - Scheduler started
2026-03-01 15:07:03,895 - apscheduler.scheduler - INFO - Scheduler has been shut down
2026-03-01 15:07:05,238 - task_tracker - INFO - Logger successfuly up
2026-03-01 15:07:05,243 - apscheduler.scheduler - INFO - Adding job tentatively -- it will be properly scheduled when the scheduler starts
2026-03-01 15:07:05,244 - apscheduler.scheduler - INFO - Added job "run_cleanup_task" to job store "default"
2026-03-01 15:07:05,244 - apscheduler.scheduler - INFO - Scheduler started
2026-03-01 15:08:40,971 - apscheduler.scheduler - INFO - Scheduler has been shut down
2026-03-01 15:08:42,106 - task_tracker - INFO - Logger successfuly up
2026-03-01 15:08:42,110 - apscheduler.scheduler - INFO - Adding job tentatively -- it will be properly scheduled when the scheduler starts
2026-03-01 15:08:42,110 - apscheduler.scheduler - INFO - Added job "run_cleanup_task" to job store "default"
2026-03-01 15:08:42,111 - apscheduler.scheduler - INFO - Scheduler started
2026-03-01 15:09:44,253 - apscheduler.scheduler - INFO - Scheduler has been shut down
2026-03-01 15:09:45,416 - task_tracker - INFO - Logger successfuly up
2026-03-01 15:09:45,423 - apscheduler.scheduler - INFO - Adding job tentatively -- it will be properly scheduled when the scheduler starts
2026-03-01 15:09:45,423 - apscheduler.scheduler - INFO - Added job "run_cleanup_task" to job store "default"
2026-03-01 15:09:45,424 - apscheduler.scheduler - INFO - Scheduler started
2026-03-01 15:10:48,971 - apscheduler.scheduler - INFO - Scheduler has been shut down
2026-03-01 15:10:50,110 - task_tracker - INFO - Logger successfuly up
2026-03-01 15:10:50,115 - apscheduler.scheduler - INFO - Adding job tentatively -- it will be properly scheduled when the scheduler starts
2026-03-01 15:10:50,115 - apscheduler.scheduler - INFO - Added job "run_cleanup_task" to job store "default"
2026-03-01 15:10:50,116 - apscheduler.scheduler - INFO - Scheduler started
2026-03-01 15:11:53,966 - apscheduler.scheduler - INFO - Scheduler has been shut down
2026-03-01 15:11:55,148 - task_tracker - INFO - Logger successfuly up
2026-03-01 15:11:55,153 - apscheduler.scheduler - INFO - Adding job tentatively -- it will be properly scheduled when the scheduler starts
2026-03-01 15:11:55,154 - apscheduler.scheduler - INFO - Added job "run_cleanup_task" to job store "default"
2026-03-01 15:11:55,154 - apscheduler.scheduler - INFO - Scheduler started
2026-03-01 15:12:58,803 - apscheduler.scheduler - INFO - Scheduler has been shut down
2026-03-01 15:13:00,130 - task_tracker - INFO - Logger successfuly up
2026-03-01 15:13:00,136 - apscheduler.scheduler - INFO - Adding job tentatively -- it will be properly scheduled when the scheduler starts
2026-03-01 15:13:00,137 - apscheduler.scheduler - INFO - Added job "run_cleanup_task" to job store "default"
2026-03-01 15:13:00,137 - apscheduler.scheduler - INFO - Scheduler started
2026-03-01 15:14:04,287 - apscheduler.scheduler - INFO - Scheduler has been shut down
2026-03-01 15:14:05,421 - task_tracker - INFO - Logger successfuly up
2026-03-01 15:14:05,425 - apscheduler.scheduler - INFO - Adding job tentatively -- it will be properly scheduled when the scheduler starts
2026-03-01 15:14:05,426 - apscheduler.scheduler - INFO - Added job "run_cleanup_task" to job store "default"
2026-03-01 15:14:05,426 - apscheduler.scheduler - INFO - Scheduler started
2026-03-01 15:15:11,684 - apscheduler.scheduler - INFO - Scheduler has been shut down
2026-03-01 15:15:13,036 - task_tracker - INFO - Logger successfuly up
2026-03-01 15:15:13,042 - apscheduler.scheduler - INFO - Adding job tentatively -- it will be properly scheduled when the scheduler starts
2026-03-01 15:15:13,043 - apscheduler.scheduler - INFO - Added job "run_cleanup_task" to job store "default"
2026-03-01 15:15:13,043 - apscheduler.scheduler - INFO - Scheduler started
2026-03-01 15:16:17,194 - apscheduler.scheduler - INFO - Scheduler has been shut down
2026-03-01 15:16:18,808 - task_tracker - INFO - Logger successfuly up
2026-03-01 15:16:18,814 - apscheduler.scheduler - INFO - Adding job tentatively -- it will be properly scheduled when the scheduler starts
2026-03-01 15:16:18,815 - apscheduler.scheduler - INFO - Added job "run_cleanup_task" to job store "default"
2026-03-01 15:16:18,815 - apscheduler.scheduler - INFO - Scheduler started
2026-03-01 15:17:20,757 - apscheduler.scheduler - INFO - Scheduler has been shut down
2026-03-01 15:17:21,898 - task_tracker - INFO - Logger successfuly up
2026-03-01 15:17:21,903 - apscheduler.scheduler - INFO - Adding job tentatively -- it will be properly scheduled when the scheduler starts
2026-03-01 15:17:21,903 - apscheduler.scheduler - INFO - Added job "run_cleanup_task" to job store "default"
2026-03-01 15:17:21,904 - apscheduler.scheduler - INFO - Scheduler started
2026-03-01 15:18:25,855 - apscheduler.scheduler - INFO - Scheduler has been shut down
2026-03-01 15:18:27,126 - task_tracker - INFO - Logger successfuly up
2026-03-01 15:18:27,131 - apscheduler.scheduler - INFO - Adding job tentatively -- it will be properly scheduled when the scheduler starts
2026-03-01 15:18:27,131 - apscheduler.scheduler - INFO - Added job "run_cleanup_task" to job store "default"
2026-03-01 15:18:27,132 - apscheduler.scheduler - INFO - Scheduler started
2026-03-01 15:19:29,975 - apscheduler.scheduler - INFO - Scheduler has been shut down
2026-03-01 15:19:31,175 - task_tracker - INFO - Logger successfuly up
2026-03-01 15:19:31,179 - apscheduler.scheduler - INFO - Adding job tentatively -- it will be properly scheduled when the scheduler starts
2026-03-01 15:19:31,179 - apscheduler.scheduler - INFO - Added job "run_cleanup_task" to job store "default"
2026-03-01 15:19:31,179 - apscheduler.scheduler - INFO - Scheduler started
2026-03-01 15:21:07,198 - apscheduler.scheduler - INFO - Scheduler has been shut down
2026-03-01 15:21:08,494 - task_tracker - INFO - Logger successfuly up
2026-03-01 15:21:08,498 - apscheduler.scheduler - INFO - Adding job tentatively -- it will be properly scheduled when the scheduler starts
2026-03-01 15:21:08,499 - apscheduler.scheduler - INFO - Added job "run_cleanup_task" to job store "default"
2026-03-01 15:21:08,499 - apscheduler.scheduler - INFO - Scheduler started
2026-03-01 15:29:42,424 - apscheduler.scheduler - INFO - Scheduler has been shut down
2026-03-01 15:29:44,052 - task_tracker - INFO - Logger successfuly up
2026-03-01 15:29:44,057 - apscheduler.scheduler - INFO - Adding job tentatively -- it will be properly scheduled when the scheduler starts
2026-03-01 15:29:44,058 - apscheduler.scheduler - INFO - Added job "run_cleanup_task" to job store "default"
2026-03-01 15:29:44,058 - apscheduler.scheduler - INFO - Scheduler started
2026-03-01 15:31:38,951 - apscheduler.scheduler - INFO - Scheduler has been shut down
2026-03-01 15:31:40,264 - task_tracker - INFO - Logger successfuly up
2026-03-01 15:31:40,268 - apscheduler.scheduler - INFO - Adding job tentatively -- it will be properly scheduled when the scheduler starts
2026-03-01 15:31:40,269 - apscheduler.scheduler - INFO - Added job "run_cleanup_task" to job store "default"
2026-03-01 15:31:40,270 - apscheduler.scheduler - INFO - Scheduler started
2026-03-01 15:34:37,200 - apscheduler.scheduler - INFO - Scheduler has been shut down
2026-03-01 15:34:38,499 - task_tracker - INFO - Logger successfuly up
2026-03-01 15:34:38,504 - apscheduler.scheduler - INFO - Adding job tentatively -- it will be properly scheduled when the scheduler starts
2026-03-01 15:34:38,505 - apscheduler.scheduler - INFO - Added job "run_cleanup_task" to job store "default"
2026-03-01 15:34:38,505 - apscheduler.scheduler - INFO - Scheduler started
2026-03-01 15:37:47,640 - apscheduler.scheduler - INFO - Scheduler has been shut down
2026-03-01 15:37:48,870 - task_tracker - INFO - Logger successfuly up
2026-03-01 15:37:48,874 - apscheduler.scheduler - INFO - Adding job tentatively -- it will be properly scheduled when the scheduler starts
2026-03-01 15:37:48,875 - apscheduler.scheduler - INFO - Added job "run_cleanup_task" to job store "default"
2026-03-01 15:37:48,875 - apscheduler.scheduler - INFO - Scheduler started
2026-03-01 15:38:53,027 - apscheduler.scheduler - INFO - Scheduler has been shut down
2026-03-01 15:38:54,236 - task_tracker - INFO - Logger successfuly up
2026-03-01 15:38:54,241 - apscheduler.scheduler - INFO - Adding job tentatively -- it will be properly scheduled when the scheduler starts
2026-03-01 15:38:54,242 - apscheduler.scheduler - INFO - Added job "run_cleanup_task" to job store "default"
2026-03-01 15:38:54,242 - apscheduler.scheduler - INFO - Scheduler started
2026-03-01 15:39:59,597 - apscheduler.scheduler - INFO - Scheduler has been shut down
2026-03-01 15:40:00,964 - task_tracker - INFO - Logger successfuly up
2026-03-01 15:40:00,969 - apscheduler.scheduler - INFO - Adding job tentatively -- it will be properly scheduled when the scheduler starts
2026-03-01 15:40:00,970 - apscheduler.scheduler - INFO - Added job "run_cleanup_task" to job store "default"
2026-03-01 15:40:00,970 - apscheduler.scheduler - INFO - Scheduler started
2026-03-01 15:41:34,584 - apscheduler.scheduler - INFO - Scheduler has been shut down
2026-03-01 15:41:35,718 - task_tracker - INFO - Logger successfuly up
2026-03-01 15:41:35,722 - apscheduler.scheduler - INFO - Adding job tentatively -- it will be properly scheduled when the scheduler starts
2026-03-01 15:41:35,723 - apscheduler.scheduler - INFO - Added job "run_cleanup_task" to job store "default"
2026-03-01 15:41:35,724 - apscheduler.scheduler - INFO - Scheduler started
2026-03-01 15:43:09,240 - apscheduler.scheduler - INFO - Scheduler has been shut down
2026-03-01 15:43:10,400 - task_tracker - INFO - Logger successfuly up
2026-03-01 15:43:10,404 - apscheduler.scheduler - INFO - Adding job tentatively -- it will be properly scheduled when the scheduler starts
2026-03-01 15:43:10,404 - apscheduler.scheduler - INFO - Added job "run_cleanup_task" to job store "default"
2026-03-01 15:43:10,405 - apscheduler.scheduler - INFO - Scheduler started
2026-03-01 15:44:13,754 - apscheduler.scheduler - INFO - Scheduler has been shut down
2026-03-01 15:44:15,229 - task_tracker - INFO - Logger successfuly up
2026-03-01 15:44:15,234 - apscheduler.scheduler - INFO - Adding job tentatively -- it will be properly scheduled when the scheduler starts
2026-03-01 15:44:15,235 - apscheduler.scheduler - INFO - Added job "run_cleanup_task" to job store "default"
2026-03-01 15:44:15,235 - apscheduler.scheduler - INFO - Scheduler started
2026-03-01 15:45:21,698 - apscheduler.scheduler - INFO - Scheduler has been shut down
2026-03-01 15:45:22,915 - task_tracker - INFO - Logger successfuly up
2026-03-01 15:45:22,919 - apscheduler.scheduler - INFO - Adding job tentatively -- it will be properly scheduled when the scheduler starts
2026-03-01 15:45:22,920 - apscheduler.scheduler - INFO - Added job "run_cleanup_task" to job store "default"
2026-03-01 15:45:22,921 - apscheduler.scheduler - INFO - Scheduler started
2026-03-01 15:46:25,967 - apscheduler.scheduler - INFO - Scheduler has been shut down
2026-03-01 15:46:27,143 - task_tracker - INFO - Logger successfuly up
2026-03-01 15:46:27,148 - apscheduler.scheduler - INFO - Adding job tentatively -- it will be properly scheduled when the scheduler starts
2026-03-01 15:46:27,148 - apscheduler.scheduler - INFO - Added job "run_cleanup_task" to job store "default"
2026-03-01 15:46:27,148 - apscheduler.scheduler - INFO - Scheduler started
2026-03-01 15:47:33,003 - apscheduler.scheduler - INFO - Scheduler has been shut down
2026-03-01 15:47:34,265 - task_tracker - INFO - Logger successfuly up
2026-03-01 15:47:34,270 - apscheduler.scheduler - INFO - Adding job tentatively -- it will be properly scheduled when the scheduler starts
2026-03-01 15:47:34,271 - apscheduler.scheduler - INFO - Added job "run_cleanup_task" to job store "default"
2026-03-01 15:47:34,271 - apscheduler.scheduler - INFO - Scheduler started
2026-03-01 15:48:37,621 - apscheduler.scheduler - INFO - Scheduler has been shut down
2026-03-01 15:48:38,808 - task_tracker - INFO - Logger successfuly up
2026-03-01 15:48:38,812 - apscheduler.scheduler - INFO - Adding job tentatively -- it will be properly scheduled when the scheduler starts
2026-03-01 15:48:38,812 - apscheduler.scheduler - INFO - Added job "run_cleanup_task" to job store "default"
2026-03-01 15:48:38,812 - apscheduler.scheduler - INFO - Scheduler started
2026-03-01 15:50:46,614 - apscheduler.scheduler - INFO - Scheduler has been shut down
2026-03-01 15:50:47,842 - task_tracker - INFO - Logger successfuly up
2026-03-01 15:50:47,846 - apscheduler.scheduler - INFO - Adding job tentatively -- it will be properly scheduled when the scheduler starts
2026-03-01 15:50:47,846 - apscheduler.scheduler - INFO - Added job "run_cleanup_task" to job store "default"
2026-03-01 15:50:47,847 - apscheduler.scheduler - INFO - Scheduler started
2026-03-01 15:52:27,490 - apscheduler.scheduler - INFO - Scheduler has been shut down
2026-03-01 15:52:28,952 - task_tracker - INFO - Logger successfuly up
2026-03-01 15:52:28,957 - apscheduler.scheduler - INFO - Adding job tentatively -- it will be properly scheduled when the scheduler starts
2026-03-01 15:52:28,959 - apscheduler.scheduler - INFO - Added job "run_cleanup_task" to job store "default"
2026-03-01 15:52:28,960 - apscheduler.scheduler - INFO - Scheduler started
2026-03-01 15:53:32,710 - apscheduler.scheduler - INFO - Scheduler has been shut down
2026-03-01 15:53:34,217 - task_tracker - INFO - Logger successfuly up
2026-03-01 15:53:34,225 - apscheduler.scheduler - INFO - Adding job tentatively -- it will be properly scheduled when the scheduler starts
2026-03-01 15:53:34,227 - apscheduler.scheduler - INFO - Added job "run_cleanup_task" to job store "default"
2026-03-01 15:53:34,228 - apscheduler.scheduler - INFO - Scheduler started
2026-03-01 15:54:39,282 - apscheduler.scheduler - INFO - Scheduler has been shut down
2026-03-01 15:54:40,686 - task_tracker - INFO - Logger successfuly up
2026-03-01 15:54:40,691 - apscheduler.scheduler - INFO - Adding job tentatively -- it will be properly scheduled when the scheduler starts
2026-03-01 15:54:40,691 - apscheduler.scheduler - INFO - Added job "run_cleanup_task" to job store "default"
2026-03-01 15:54:40,694 - apscheduler.scheduler - INFO - Scheduler started
2026-03-01 15:56:13,904 - apscheduler.scheduler - INFO - Scheduler has been shut down
2026-03-01 15:56:15,069 - task_tracker - INFO - Logger successfuly up
2026-03-01 15:56:15,073 - apscheduler.scheduler - INFO - Adding job tentatively -- it will be properly scheduled when the scheduler starts
2026-03-01 15:56:15,074 - apscheduler.scheduler - INFO - Added job "run_cleanup_task" to job store "default"
2026-03-01 15:56:15,074 - apscheduler.scheduler - INFO - Scheduler started
2026-03-01 15:57:23,541 - apscheduler.scheduler - INFO - Scheduler has been shut down
2026-03-01 15:57:24,824 - task_tracker - INFO - Logger successfuly up
2026-03-01 15:57:24,831 - apscheduler.scheduler - INFO - Adding job tentatively -- it will be properly scheduled when the scheduler starts
2026-03-01 15:57:24,832 - apscheduler.scheduler - INFO - Added job "run_cleanup_task" to job store "default"
2026-03-01 15:57:24,832 - apscheduler.scheduler - INFO - Scheduler started
2026-03-01 16:01:37,498 - apscheduler.scheduler - INFO - Scheduler has been shut down
2026-03-01 16:01:39,128 - task_tracker - INFO - Logger successfuly up
2026-03-01 16:01:39,134 - apscheduler.scheduler - INFO - Adding job tentatively -- it will be properly scheduled when the scheduler starts
2026-03-01 16:01:39,135 - apscheduler.scheduler - INFO - Added job "run_cleanup_task" to job store "default"
2026-03-01 16:01:39,135 - apscheduler.scheduler - INFO - Scheduler started
2026-03-01 16:35:36,891 - apscheduler.scheduler - INFO - Scheduler has been shut down
2026-03-01 16:35:39,155 - task_tracker - INFO - Logger successfuly up
2026-03-01 16:35:39,161 - apscheduler.scheduler - INFO - Adding job tentatively -- it will be properly scheduled when the scheduler starts
2026-03-01 16:35:39,162 - apscheduler.scheduler - INFO - Added job "run_cleanup_task" to job store "default"
2026-03-01 16:35:39,162 - apscheduler.scheduler - INFO - Scheduler started
2026-03-01 16:54:01,341 - apscheduler.scheduler - INFO - Scheduler has been shut down
2026-03-01 16:54:03,378 - task_tracker - INFO - Logger successfuly up
2026-03-01 16:54:03,383 - apscheduler.scheduler - INFO - Adding job tentatively -- it will be properly scheduled when the scheduler starts
2026-03-01 16:54:03,384 - apscheduler.scheduler - INFO - Added job "run_cleanup_task" to job store "default"
2026-03-01 16:54:03,385 - apscheduler.scheduler - INFO - Scheduler started
2026-03-01 16:55:04,626 - apscheduler.scheduler - INFO - Scheduler has been shut down
2026-03-01 16:55:05,823 - task_tracker - INFO - Logger successfuly up
2026-03-01 16:55:05,828 - apscheduler.scheduler - INFO - Adding job tentatively -- it will be properly scheduled when the scheduler starts
2026-03-01 16:55:05,829 - apscheduler.scheduler - INFO - Added job "run_cleanup_task" to job store "default"
2026-03-01 16:55:05,829 - apscheduler.scheduler - INFO - Scheduler started
2026-03-01 16:56:13,090 - apscheduler.scheduler - INFO - Scheduler has been shut down
2026-03-01 16:56:14,557 - task_tracker - INFO - Logger successfuly up
2026-03-01 16:56:14,563 - apscheduler.scheduler - INFO - Adding job tentatively -- it will be properly scheduled when the scheduler starts
2026-03-01 16:56:14,564 - apscheduler.scheduler - INFO - Added job "run_cleanup_task" to job store "default"
2026-03-01 16:56:14,564 - apscheduler.scheduler - INFO - Scheduler started
2026-03-01 16:58:31,006 - apscheduler.scheduler - INFO - Scheduler has been shut down
2026-03-01 16:58:32,321 - task_tracker - INFO - Logger successfuly up
2026-03-01 16:58:32,325 - apscheduler.scheduler - INFO - Adding job tentatively -- it will be properly scheduled when the scheduler starts
2026-03-01 16:58:32,326 - apscheduler.scheduler - INFO - Added job "run_cleanup_task" to job store "default"
2026-03-01 16:58:32,326 - apscheduler.scheduler - INFO - Scheduler started
2026-03-01 17:07:03,838 - apscheduler.scheduler - INFO - Scheduler has been shut down
2026-03-01 17:07:05,140 - task_tracker - INFO - Logger successfuly up
2026-03-01 17:07:05,145 - apscheduler.scheduler - INFO - Adding job tentatively -- it will be properly scheduled when the scheduler starts
2026-03-01 17:07:05,146 - apscheduler.scheduler - INFO - Added job "run_cleanup_task" to job store "default"
2026-03-01 17:07:05,146 - apscheduler.scheduler - INFO - Scheduler started
2026-03-01 17:10:30,452 - task_tracker - INFO - New user registered: user1@example.com
2026-03-01 17:10:51,963 - task_tracker - INFO - Failed login attempt for email: user1
2026-03-01 17:11:19,302 - task_tracker - INFO - Failed login attempt for email: user1
2026-03-01 17:12:09,907 - task_tracker - WARNING - Integrity error for user 1: (sqlalchemy.dialects.postgresql.asyncpg.IntegrityError) <class 'asyncpg.exceptions.ForeignKeyViolationError'>: insert or update on table "tasks" violates foreign key constraint "tasks_category_id_fkey"
DETAIL:  Key (category_id)=(0) is not present in table "categories".
[SQL: INSERT INTO tasks (title, description, status, deadline, priority, author_id, category_id) VALUES ($1::VARCHAR, $2::VARCHAR, $3::taskstatus, $4::TIMESTAMP WITH TIME ZONE, $5::taskpriority, $6::INTEGER, $7::INTEGER) RETURNING tasks.id, tasks.created_at]
[parameters: ('Test', 'string', 'NOTSTARTED', datetime.datetime(2026, 3, 2, 17, 11, 58, 488000, tzinfo=TzInfo(0)), 'LOW', 1, 0)]
(Background on this error at: https://sqlalche.me/e/20/gkpj)
2026-03-01 17:12:36,135 - task_tracker - INFO - User 1 created task 'Test' with 0 tags
2026-03-01 17:13:01,290 - task_tracker - INFO - User 1 created task 'Test1' with 1 tags
2026-03-01 17:16:46,059 - task_tracker - INFO - Logger successfuly up
2026-03-01 17:16:46,064 - apscheduler.scheduler - INFO - Adding job tentatively -- it will be properly scheduled when the scheduler starts
2026-03-01 17:16:46,064 - apscheduler.scheduler - INFO - Added job "run_cleanup_task" to job store "default"
2026-03-01 17:16:46,064 - apscheduler.scheduler - INFO - Scheduler started
2026-03-01 17:18:21,382 - apscheduler.scheduler - INFO - Scheduler has been shut down
2026-03-01 17:18:22,592 - task_tracker - INFO - Logger successfuly up
2026-03-01 17:18:22,596 - apscheduler.scheduler - INFO - Adding job tentatively -- it will be properly scheduled when the scheduler starts
2026-03-01 17:18:22,597 - apscheduler.scheduler - INFO - Added job "run_cleanup_task" to job store "default"
2026-03-01 17:18:22,597 - apscheduler.scheduler - INFO - Scheduler started
2026-03-01 21:00:06,188 - task_tracker - INFO - Logger successfuly up
2026-03-01 21:00:06,200 - apscheduler.scheduler - INFO - Adding job tentatively -- it will be properly scheduled when the scheduler starts
2026-03-01 21:00:06,201 - apscheduler.scheduler - INFO - Added job "run_cleanup_task" to job store "default"
2026-03-01 21:00:06,201 - apscheduler.scheduler - INFO - Scheduler started
2026-03-01 21:06:20,300 - apscheduler.scheduler - INFO - Scheduler has been shut down
2026-03-01 21:06:21,431 - task_tracker - INFO - Logger successfuly up
2026-03-01 21:06:21,435 - apscheduler.scheduler - INFO - Adding job tentatively -- it will be properly scheduled when the scheduler starts
2026-03-01 21:06:21,435 - apscheduler.scheduler - INFO - Added job "run_cleanup_task" to job store "default"
2026-03-01 21:06:21,435 - apscheduler.scheduler - INFO - Scheduler started
2026-03-01 21:07:58,551 - apscheduler.scheduler - INFO - Scheduler has been shut down
2026-03-01 21:07:59,752 - task_tracker - INFO - Logger successfuly up
2026-03-01 21:07:59,756 - apscheduler.scheduler - INFO - Adding job tentatively -- it will be properly scheduled when the scheduler starts
2026-03-01 21:07:59,757 - apscheduler.scheduler - INFO - Added job "run_cleanup_task" to job store "default"
2026-03-01 21:07:59,757 - apscheduler.scheduler - INFO - Scheduler started
2026-03-01 21:08:36,140 - apscheduler.scheduler - INFO - Scheduler has been shut down
2026-03-01 21:08:37,307 - task_tracker - INFO - Logger successfuly up
2026-03-01 21:08:37,313 - apscheduler.scheduler - INFO - Adding job tentatively -- it will be properly scheduled when the scheduler starts
2026-03-01 21:08:37,314 - apscheduler.scheduler - INFO - Added job "run_cleanup_task" to job store "default"
2026-03-01 21:08:37,314 - apscheduler.scheduler - INFO - Scheduler started
2026-03-01 21:13:01,730 - apscheduler.scheduler - INFO - Scheduler has been shut down
2026-03-01 21:13:03,019 - task_tracker - INFO - Logger successfully up
2026-03-01 21:13:03,023 - apscheduler.scheduler - INFO - Adding job tentatively -- it will be properly scheduled when the scheduler starts
2026-03-01 21:13:03,023 - apscheduler.scheduler - INFO - Added job "run_cleanup_task" to job store "default"
2026-03-01 21:13:03,024 - apscheduler.scheduler - INFO - Scheduler started
2026-03-01 21:14:43,657 - apscheduler.scheduler - INFO - Scheduler has been shut down
2026-03-01 21:14:44,858 - task_tracker - INFO - Logger successfully up
2026-03-01 21:14:44,862 - apscheduler.scheduler - INFO - Adding job tentatively -- it will be properly scheduled when the scheduler starts
2026-03-01 21:14:44,862 - apscheduler.scheduler - INFO - Added job "run_cleanup_task" to job store "default"
2026-03-01 21:14:44,863 - apscheduler.scheduler - INFO - Scheduler started
2026-03-01 21:15:50,910 - apscheduler.scheduler - INFO - Scheduler has been shut down
2026-03-01 21:15:52,204 - task_tracker - INFO - Logger successfully up
2026-03-01 21:15:52,208 - apscheduler.scheduler - INFO - Adding job tentatively -- it will be properly scheduled when the scheduler starts
2026-03-01 21:15:52,208 - apscheduler.scheduler - INFO - Added job "run_cleanup_task" to job store "default"
2026-03-01 21:15:52,209 - apscheduler.scheduler - INFO - Scheduler started
2026-03-01 21:16:29,397 - apscheduler.scheduler - INFO - Scheduler has been shut down
2026-03-01 21:16:30,590 - task_tracker - INFO - Logger successfully up
2026-03-01 21:16:30,593 - apscheduler.scheduler - INFO - Adding job tentatively -- it will be properly scheduled when the scheduler starts
2026-03-01 21:16:30,594 - apscheduler.scheduler - INFO - Added job "run_cleanup_task" to job store "default"
2026-03-01 21:16:30,594 - apscheduler.scheduler - INFO - Scheduler started
2026-03-01 21:17:04,972 - apscheduler.scheduler - INFO - Scheduler has been shut down
2026-03-01 21:17:06,134 - task_tracker - INFO - Logger successfully up
2026-03-01 21:17:06,138 - apscheduler.scheduler - INFO - Adding job tentatively -- it will be properly scheduled when the scheduler starts
2026-03-01 21:17:06,138 - apscheduler.scheduler - INFO - Added job "run_cleanup_task" to job store "default"
2026-03-01 21:17:06,138 - apscheduler.scheduler - INFO - Scheduler started
2026-03-01 21:19:48,107 - apscheduler.scheduler - INFO - Scheduler has been shut down
2026-03-01 21:19:49,284 - task_tracker - INFO - Logger successfully up
2026-03-01 21:19:49,289 - apscheduler.scheduler - INFO - Adding job tentatively -- it will be properly scheduled when the scheduler starts
2026-03-01 21:19:49,289 - apscheduler.scheduler - INFO - Added job "run_cleanup_task" to job store "default"
2026-03-01 21:19:49,290 - apscheduler.scheduler - INFO - Scheduler started
2026-03-01 21:25:51,002 - apscheduler.scheduler - INFO - Scheduler has been shut down
2026-03-01 21:25:52,260 - task_tracker - INFO - Logger successfully up
2026-03-01 21:25:52,264 - apscheduler.scheduler - INFO - Adding job tentatively -- it will be properly scheduled when the scheduler starts
2026-03-01 21:25:52,265 - apscheduler.scheduler - INFO - Added job "run_cleanup_task" to job store "default"
2026-03-01 21:25:52,266 - apscheduler.scheduler - INFO - Scheduler started
2026-03-01 21:27:01,530 - apscheduler.scheduler - INFO - Scheduler has been shut down
2026-03-01 21:27:02,750 - task_tracker - INFO - Logger successfully up
2026-03-01 21:27:02,753 - apscheduler.scheduler - INFO - Adding job tentatively -- it will be properly scheduled when the scheduler starts
2026-03-01 21:27:02,754 - apscheduler.scheduler - INFO - Added job "run_cleanup_task" to job store "default"
2026-03-01 21:27:02,754 - apscheduler.scheduler - INFO - Scheduler started
2026-03-01 21:27:38,234 - apscheduler.scheduler - INFO - Scheduler has been shut down
2026-03-01 21:27:39,535 - task_tracker - INFO - Logger successfully up
2026-03-01 21:27:39,538 - apscheduler.scheduler - INFO - Adding job tentatively -- it will be properly scheduled when the scheduler starts
2026-03-01 21:27:39,539 - apscheduler.scheduler - INFO - Added job "run_cleanup_task" to job store "default"
2026-03-01 21:27:39,539 - apscheduler.scheduler - INFO - Scheduler started
2026-03-01 21:28:16,126 - apscheduler.scheduler - INFO - Scheduler has been shut down
2026-03-01 21:28:17,326 - task_tracker - INFO - Logger successfully up
2026-03-01 21:28:17,329 - apscheduler.scheduler - INFO - Adding job tentatively -- it will be properly scheduled when the scheduler starts
2026-03-01 21:28:17,330 - apscheduler.scheduler - INFO - Added job "run_cleanup_task" to job store "default"
2026-03-01 21:28:17,330 - apscheduler.scheduler - INFO - Scheduler started
2026-03-01 21:29:33,720 - apscheduler.scheduler - INFO - Scheduler has been shut down
2026-03-01 21:29:34,987 - task_tracker - INFO - Logger successfully up
2026-03-01 21:29:34,992 - apscheduler.scheduler - INFO - Adding job tentatively -- it will be properly scheduled when the scheduler starts
2026-03-01 21:29:34,994 - apscheduler.scheduler - INFO - Added job "run_cleanup_task" to job store "default"
2026-03-01 21:29:34,994 - apscheduler.scheduler - INFO - Scheduler started
2026-03-01 21:30:48,269 - apscheduler.scheduler - INFO - Scheduler has been shut down
2026-03-01 21:30:49,840 - task_tracker - INFO - Logger successfully up
2026-03-01 21:30:49,844 - apscheduler.scheduler - INFO - Adding job tentatively -- it will be properly scheduled when the scheduler starts
2026-03-01 21:30:49,845 - apscheduler.scheduler - INFO - Added job "run_cleanup_task" to job store "default"
2026-03-01 21:30:49,845 - apscheduler.scheduler - INFO - Scheduler started
2026-03-01 21:31:26,934 - apscheduler.scheduler - INFO - Scheduler has been shut down
2026-03-01 21:31:28,169 - task_tracker - INFO - Logger successfully up
2026-03-01 21:31:28,173 - apscheduler.scheduler - INFO - Adding job tentatively -- it will be properly scheduled when the scheduler starts
2026-03-01 21:31:28,174 - apscheduler.scheduler - INFO - Added job "run_cleanup_task" to job store "default"
2026-03-01 21:31:28,174 - apscheduler.scheduler - INFO - Scheduler started
2026-03-01 21:32:43,354 - apscheduler.scheduler - INFO - Scheduler has been shut down
2026-03-01 21:32:44,619 - task_tracker - INFO - Logger successfully up
2026-03-01 21:32:44,624 - apscheduler.scheduler - INFO - Adding job tentatively -- it will be properly scheduled when the scheduler starts
2026-03-01 21:32:44,625 - apscheduler.scheduler - INFO - Added job "run_cleanup_task" to job store "default"
2026-03-01 21:32:44,625 - apscheduler.scheduler - INFO - Scheduler started
2026-03-01 21:35:01,443 - apscheduler.scheduler - INFO - Scheduler has been shut down
2026-03-01 21:35:02,556 - task_tracker - INFO - Logger successfully up
2026-03-01 21:35:02,559 - apscheduler.scheduler - INFO - Adding job tentatively -- it will be properly scheduled when the scheduler starts
2026-03-01 21:35:02,560 - apscheduler.scheduler - INFO - Added job "run_cleanup_task" to job store "default"
2026-03-01 21:35:02,560 - apscheduler.scheduler - INFO - Scheduler started
2026-03-01 21:36:42,487 - apscheduler.scheduler - INFO - Scheduler has been shut down
2026-03-01 21:36:43,612 - task_tracker - INFO - Logger successfully up
2026-03-01 21:36:43,617 - apscheduler.scheduler - INFO - Adding job tentatively -- it will be properly scheduled when the scheduler starts
2026-03-01 21:36:43,618 - apscheduler.scheduler - INFO - Added job "run_cleanup_task" to job store "default"
2026-03-01 21:36:43,618 - apscheduler.scheduler - INFO - Scheduler started
2026-03-01 21:48:31,812 - apscheduler.scheduler - INFO - Scheduler has been shut down
2026-03-01 21:48:34,010 - task_tracker - INFO - Logger successfully up
2026-03-01 21:48:34,014 - apscheduler.scheduler - INFO - Adding job tentatively -- it will be properly scheduled when the scheduler starts
2026-03-01 21:48:34,015 - apscheduler.scheduler - INFO - Added job "run_cleanup_task" to job store "default"
2026-03-01 21:48:34,015 - apscheduler.scheduler - INFO - Scheduler started
